<?xml version="1.0" encoding="UTF-8" standalone="no"?>
<testsuite failures="0" name="cucumber.runtime.formatter.JUnitFormatter" skipped="0" tests="1" time="36.101135">
<testcase classname="Free CRM Deals Feature" name="Free CRM Deals Test Scenario" time="36.101135">
<system-out><![CDATA[Given user is already on Login Page for deals test..........................passed
When title of login page is Free CRM for deals test.........................passed
Then user enters username and password for deals test.......................passed
Then user clicks on login button for deals test.............................passed
Then user is on home page for deals test....................................passed
Then user moves to new deals page...........................................passed
Then user enters deals details..............................................passed
Then Close the browser of deals page........................................passed
]]></system-out>
</testcase>
</testsuite>
